[handleMsg]:  {
  key: {
    remoteJid: '51951864369@s.whatsapp.net',
    fromMe: false,
    id: '3EB082F05AAB433F0386AC',
    participant: undefined
  },
  messageTimestamp: 1731285049,
  pushName: '.Eufemia',
  broadcast: false,
  message: Message {
    conversation: 'hola',
    messageContextInfo: MessageContextInfo {
      deviceListMetadata: [DeviceListMetadata],
      deviceListMetadataVersion: 2,
      messageSecret: [Uint8Array]
    }
  },
  body: 'hola',
  from: '51951864369'
}
[QUEUE_SE_ENVIO]:  {
  ref: 'ans_884b2bc5-ac80-4f73-91e9-1aab5c9ae6f0',
  keyword: 'key_e7a9f43a-3ed1-4e5e-8c03-a1e58dd38579',
  answer: '__call_action__',
  options: {
    media: null,
    buttons: [],
    capture: false,
    child: null,
    delay: 0,
    idle: null,
    ref: null,
    nested: [],
    keyword: {},
    callback: true
  },
  refSerialize: '5279e58a665969bee080e6af7a33a7a7'
}
[handleMsg]:  {
  key: {
    remoteJid: '51951864369@s.whatsapp.net',
    fromMe: false,
    id: '3EB021AA518EDA6BE5469A',
    participant: undefined
  },
  messageTimestamp: 1731285053,
  pushName: '.Eufemia',
  broadcast: false,
  message: Message {
    conversation: '6',
    messageContextInfo: MessageContextInfo {
      deviceListMetadata: [DeviceListMetadata],
      deviceListMetadataVersion: 2,
      messageSecret: [Uint8Array]
    }
  },
  body: '6',
  from: '51951864369'
}
[QUEUE_SE_ENVIO]:  {
  ref: 'ans_884b2bc5-ac80-4f73-91e9-1aab5c9ae6f0',
  keyword: 'key_e7a9f43a-3ed1-4e5e-8c03-a1e58dd38579',
  answer: '__call_action__',
  options: {
    media: null,
    buttons: [],
    capture: false,
    child: null,
    delay: 0,
    idle: null,
    ref: null,
    nested: [],
    keyword: {},
    callback: true
  },
  refSerialize: '5279e58a665969bee080e6af7a33a7a7'
}
[handleMsg]:  {
  key: {
    remoteJid: '51951864369@s.whatsapp.net',
    fromMe: false,
    id: '3EB0032E8C9693F064A915',
    participant: undefined
  },
  messageTimestamp: 1731285063,
  pushName: '.Eufemia',
  broadcast: false,
  message: Message {
    conversation: '7',
    messageContextInfo: MessageContextInfo {
      deviceListMetadata: [DeviceListMetadata],
      deviceListMetadataVersion: 2,
      messageSecret: [Uint8Array]
    }
  },
  body: '7',
  from: '51951864369'
}
[QUEUE_SE_ENVIO]:  {
  ref: 'ans_884b2bc5-ac80-4f73-91e9-1aab5c9ae6f0',
  keyword: 'key_e7a9f43a-3ed1-4e5e-8c03-a1e58dd38579',
  answer: '__call_action__',
  options: {
    media: null,
    buttons: [],
    capture: false,
    child: null,
    delay: 0,
    idle: null,
    ref: null,
    nested: [],
    keyword: {},
    callback: true
  },
  refSerialize: '5279e58a665969bee080e6af7a33a7a7'
}
[handleMsg]:  {
  key: {
    remoteJid: '51951864369@s.whatsapp.net',
    fromMe: false,
    id: '3EB0097E4FC903CCB86876',
    participant: undefined
  },
  messageTimestamp: 1731285080,
  pushName: '.Eufemia',
  broadcast: false,
  message: Message {
    conversation: '6',
    messageContextInfo: MessageContextInfo {
      deviceListMetadata: [DeviceListMetadata],
      deviceListMetadataVersion: 2,
      messageSecret: [Uint8Array]
    }
  },
  body: '6',
  from: '51951864369'
}
[QUEUE_SE_ENVIO]:  {
  ref: 'ans_884b2bc5-ac80-4f73-91e9-1aab5c9ae6f0',
  keyword: 'key_e7a9f43a-3ed1-4e5e-8c03-a1e58dd38579',
  answer: '__call_action__',
  options: {
    media: null,
    buttons: [],
    capture: false,
    child: null,
    delay: 0,
    idle: null,
    ref: null,
    nested: [],
    keyword: {},
    callback: true
  },
  refSerialize: '5279e58a665969bee080e6af7a33a7a7'
}
